app/build/outputs/logs/manifest-merger-debug-report.txt
-- Merging decision tree log ---
manifest
ADDED from AndroidManifest.xml:2:1
	xmlns:android
		ADDED from AndroidManifest.xml:2:11
	package
		ADDED from AndroidManifest.xml:3:7
		INJECTED from AndroidManifest.xml:0:0
		INJECTED from AndroidManifest.xml:0:0
	android:versionName
		ADDED from AndroidManifest.xml:5:7
	android:versionCode
		ADDED from AndroidManifest.xml:4:7
		INJECTED from AndroidManifest.xml:0:0
		INJECTED from AndroidManifest.xml:0:0
application
ADDED from AndroidManifest.xml:7:5
	android:label
		ADDED from AndroidManifest.xml:8:18
	android:icon
		ADDED from AndroidManifest.xml:7:18
	android:theme
		ADDED from AndroidManifest.xml:9:18
activity#jp.or.iidukat.example.pacman.GooglePacman
ADDED from AndroidManifest.xml:10:9
	android:screenOrientation
		ADDED from AndroidManifest.xml:11:19
	android:name
		ADDED from AndroidManifest.xml:10:19
intent-filter#android.intent.action.MAIN+android.intent.category.LAUNCHER
ADDED from AndroidManifest.xml:12:13
action#android.intent.action.MAIN
ADDED from AndroidManifest.xml:13:17
	android:name
		ADDED from AndroidManifest.xml:13:25
category#android.intent.category.LAUNCHER
ADDED from AndroidManifest.xml:14:17
	android:name
		ADDED from AndroidManifest.xml:14:27
supports-screens
ADDED from AndroidManifest.xml:18:5
	android:largeScreens
		ADDED from AndroidManifest.xml:20:23
	android:anyDensity
		ADDED from AndroidManifest.xml:22:23
	android:normalScreens
		ADDED from AndroidManifest.xml:19:23
	android:xlargeScreens
		ADDED from AndroidManifest.xml:21:23
	android:smallScreens
		ADDED from AndroidManifest.xml:18:23
uses-configuration
ADDED from AndroidManifest.xml:23:5
	android:reqTouchScreen
		ADDED from AndroidManifest.xml:23:25
uses-sdk
ADDED from AndroidManifest.xml:24:5
	android:targetSdkVersion
		ADDED from AndroidManifest.xml:24:41
		INJECTED from AndroidManifest.xml:0:0
		INJECTED from AndroidManifest.xml:0:0
	android:minSdkVersion
		ADDED from AndroidManifest.xml:24:15
		INJECTED from AndroidManifest.xml:0:0
		INJECTED from AndroidManifest.xml:0:0